2020-02-12 12:11:24,964 Requests DEBUG 发送post请求
2020-02-12 12:11:26,063 Requests DEBUG 发送get请求
2020-02-12 12:11:26,324 /Users/weinancao/PycharmProjects/InterAuto_Candyabc/utils/LogUtil.py DEBUG 数据库查询结果：{'id': 1, 'username': 'python', 'mobile': '17701397029', 'email': '952673638@qq.com'}
2020-02-12 12:11:59,269 Requests DEBUG 发送post请求
2020-02-12 12:12:00,810 Requests DEBUG 发送get请求
2020-02-12 12:12:01,061 /Users/weinancao/PycharmProjects/InterAuto_Candyabc/utils/LogUtil.py DEBUG 数据库查询结果：{'id': 1, 'username': 'python', 'mobile': '17701397029', 'email': '952673638@qq.com'}
2020-02-12 12:12:01,067 /Users/weinancao/PycharmProjects/InterAuto_Candyabc/utils/LogUtil.py INFO 报告地址
2020-02-12 12:12:56,548 Requests DEBUG 发送post请求
2020-02-12 12:12:58,033 Requests DEBUG 发送get请求
2020-02-12 12:12:58,344 /Users/weinancao/PycharmProjects/InterAuto_Candyabc/utils/LogUtil.py DEBUG 数据库查询结果：{'id': 1, 'username': 'python', 'mobile': '17701397029', 'email': '952673638@qq.com'}
2020-02-12 12:13:58,116 Requests DEBUG 发送post请求
2020-02-12 12:13:58,303 AssertUtil ERROR code error, code is 404, expected_code is 200
2020-02-12 12:13:58,409 /Users/weinancao/PycharmProjects/InterAuto_Candyabc/utils/LogUtil.py INFO 报告地址
2020-02-12 12:15:28,310 Requests DEBUG 发送post请求
2020-02-12 12:15:28,983 AssertUtil ERROR code error, code is 404, expected_code is 200
2020-02-12 12:15:29,082 /Users/weinancao/PycharmProjects/InterAuto_Candyabc/utils/LogUtil.py INFO 报告地址
2020-02-12 12:16:27,840 Requests DEBUG 发送post请求
2020-02-12 12:16:28,369 /Users/weinancao/PycharmProjects/InterAuto_Candyabc/utils/LogUtil.py INFO 报告地址
2020-02-12 12:17:16,183 Requests DEBUG 发送post请求
2020-02-12 12:17:16,421 /Users/weinancao/PycharmProjects/InterAuto_Candyabc/utils/LogUtil.py INFO 报告地址
2020-02-12 12:17:36,646 Requests DEBUG 发送post请求
2020-02-12 12:17:37,890 /Users/weinancao/PycharmProjects/InterAuto_Candyabc/utils/LogUtil.py INFO 报告地址
2020-02-12 12:17:58,384 Requests DEBUG 发送post请求
2020-02-12 12:17:58,616 AssertUtil ERROR expected_body not in body or body error, body is "{'code': 0, 'msg': '\u8bf7\u6c42\u6210\u529f', 'data': {'token': 'eyJ0eXAiOiJKV1QiLCJhbGciOiJIUzUxMiJ9.eyJ1aWQiOiIxNDY5NjIiLCJuYmYiOjE1ODE0ODEwNzgsImlzcyI6Inp4aGQiLCJ3eHVpZCI6IjAiLCJleHAiOjE1ODIwODU4NzgsImlhdCI6MTU4MTQ4MTA3OCwianRpIjoiMmZhNWNjNzhmNGRkNDRmN2FkMzJiOGIwODFiY2QzMzEifQ.Y7ki960lKPn9ej5wgsV7VxCD57gZU1HxeglFGhg5ZV7GR5KVEqbdB0fnTpc3w_ARxqRJwyEdyEQXSCaiA9uYgQ', 'base64Token': 'ZXlKMGVYQWlPaUpLVjFRaUxDSmhiR2NpT2lKSVV6VXhNaUo5LmV5SjFhV1FpT2lJeE5EWTVOaklpTENKdVltWWlPakUxT0RFME9ERXdOemdzSW1semN5STZJbnA0YUdRaUxDSjNlSFZwWkNJNklqQWlMQ0psZUhBaU9qRTFPREl3T0RVNE56Z3NJbWxoZENJNk1UVTRNVFE0TVRBM09Dd2lhblJwSWpvaU1tWmhOV05qTnpobU5HUmtORFJtTjJGa016SmlPR0l3T0RGaVkyUXpNekVpZlEuWTdraTk2MGxLUG45ZWo1d2dzVjdWeENENTdnWlUxSHhlZ2xGR2hnNVpWN0dSNUtWRXFiZEIwZm5UcGMzd19BUnhxUkp3eUVkeUVRWFNDYWlBOXVZZ1E6', 'mobile': '19900002000', 'nameEn': 'Charles', 'nameCn': None, 'status': 0, 'statusStr': None, 'refreshToken': 'eyJ0eXAiOiJKV1QiLCJhbGciOiJIUzUxMiJ9.eyJ1aWQiOiIxNDY5NjIiLCJuYmYiOjE1ODE0ODEwNzgsImlzcyI6Inp4aGQiLCJ3eHVpZCI6IjAiLCJleHAiOjE1ODQwNzMwNzgsImlhdCI6MTU4MTQ4MTA3OCwianRpIjoiOTdlOWU4NDc4ZDUxNDAzZmI2NzYyMWJkNmE4YzA5NTUifQ.nYhjJlJCSFiSuMNTC4toq8WcULsyLQJ3s2Haf1CQjZM-av_VhH59aBeQufsDTWNKv0dYvu9r0eW8qGoaRkV9Xg', 'reshB64Token': 'ZXlKMGVYQWlPaUpLVjFRaUxDSmhiR2NpT2lKSVV6VXhNaUo5LmV5SjFhV1FpT2lJeE5EWTVOaklpTENKdVltWWlPakUxT0RFME9ERXdOemdzSW1semN5STZJbnA0YUdRaUxDSjNlSFZwWkNJNklqQWlMQ0psZUhBaU9qRTFPRFF3TnpNd056Z3NJbWxoZENJNk1UVTRNVFE0TVRBM09Dd2lhblJwSWpvaU9UZGxPV1U0TkRjNFpEVXhOREF6Wm1JMk56WXlNV0prTm1FNFl6QTVOVFVpZlEublloakpsSkNTRmlTdU1OVEM0dG9xOFdjVUxzeUxRSjNzMkhhZjFDUWpaTS1hdl9WaEg1OWFCZVF1ZnNEVFdOS3YwZFl2dTlyMGVXOHFHb2FSa1Y5WGc6', 'uuId': 'b41e03cb6552451d94aec7a14c89df9b', 'userId': '146962', 'refereeMobile': None, 'level': 2, 'levelLocked': 0, 'birthdayAt': 1279766100000, 'gender': 0, 'avatar': 'http://zxhd-public-media.oss-cn-beijing.aliyuncs.com/1560842934984-710954.png', 'city': None, 'address': None, 'restClassHours': 0, 'classHoursExpiredTime': None, 'userTotalCandys': 0, 'labelList': [], 'wechatInfo': None, 'vip': 1, 'vipExpiredAt': '2024/06/14', 'autoRenewVip': 0, 'exp': 0, 'expStartedAt': None, 'expExpiredAt': None}}", expected_body is code': 1
2020-02-12 12:17:58,718 /Users/weinancao/PycharmProjects/InterAuto_Candyabc/utils/LogUtil.py INFO 报告地址
2020-02-12 12:18:44,984 Requests DEBUG 发送post请求
2020-02-12 12:18:45,201 /Users/weinancao/PycharmProjects/InterAuto_Candyabc/utils/LogUtil.py INFO 报告地址
2020-02-12 12:21:15,339 Requests DEBUG 发送post请求
2020-02-12 12:21:15,610 /Users/weinancao/PycharmProjects/InterAuto_Candyabc/utils/LogUtil.py INFO 报告地址
2020-02-12 12:21:39,627 Requests DEBUG 发送post请求
2020-02-12 12:21:40,100 /Users/weinancao/PycharmProjects/InterAuto_Candyabc/utils/LogUtil.py INFO 报告地址
2020-02-12 12:31:41,888 Requests DEBUG 发送post请求
2020-02-12 12:31:43,388 /Users/weinancao/PycharmProjects/InterAuto_Candyabc/utils/LogUtil.py INFO 报告地址
2020-02-12 12:46:04,316 Requests DEBUG 发送post请求
2020-02-12 12:46:07,796 /Users/weinancao/PycharmProjects/InterAuto_Candyabc/utils/LogUtil.py INFO 报告地址
2020-02-12 12:50:40,093 Requests DEBUG 发送post请求
2020-02-12 12:50:41,553 /Users/weinancao/PycharmProjects/InterAuto_Candyabc/utils/LogUtil.py INFO 报告地址
2020-02-12 12:53:27,743 Requests DEBUG 发送post请求
2020-02-12 12:53:28,239 /Users/weinancao/PycharmProjects/InterAuto_Candyabc/utils/LogUtil.py INFO 报告地址
2020-02-12 12:57:00,201 Requests DEBUG 发送post请求
2020-02-12 12:57:00,668 /Users/weinancao/PycharmProjects/InterAuto_Candyabc/utils/LogUtil.py INFO 报告地址
2020-02-12 13:02:47,677 Requests DEBUG 发送post请求
2020-02-12 13:02:48,163 /Users/weinancao/PycharmProjects/InterAuto_Candyabc/utils/LogUtil.py INFO 报告地址
2020-02-12 13:03:32,960 Requests DEBUG 发送post请求
2020-02-12 13:03:36,390 /Users/weinancao/PycharmProjects/InterAuto_Candyabc/utils/LogUtil.py INFO 报告地址
2020-02-12 13:08:00,529 Requests DEBUG 发送post请求
2020-02-12 13:08:01,000 /Users/weinancao/PycharmProjects/InterAuto_Candyabc/utils/LogUtil.py INFO 报告地址
2020-02-12 13:09:43,194 Requests DEBUG 发送post请求
2020-02-12 13:09:43,643 /Users/weinancao/PycharmProjects/InterAuto_Candyabc/utils/LogUtil.py INFO 报告地址
2020-02-12 13:09:55,080 Requests DEBUG 发送post请求
2020-02-12 13:09:55,513 /Users/weinancao/PycharmProjects/InterAuto_Candyabc/utils/LogUtil.py INFO 报告地址
2020-02-12 13:10:58,411 Requests DEBUG 发送post请求
2020-02-12 13:10:58,891 /Users/weinancao/PycharmProjects/InterAuto_Candyabc/utils/LogUtil.py INFO 报告地址
2020-02-12 13:11:40,890 Requests DEBUG 发送post请求
2020-02-12 13:12:26,795 /Users/weinancao/PycharmProjects/InterAuto_Candyabc/utils/LogUtil.py INFO 报告地址
2020-02-12 13:12:41,705 Requests DEBUG 发送post请求
2020-02-12 13:12:42,139 /Users/weinancao/PycharmProjects/InterAuto_Candyabc/utils/LogUtil.py INFO 报告地址
2020-02-12 13:15:18,727 Requests DEBUG 发送post请求
2020-02-12 13:15:18,983 /Users/weinancao/PycharmProjects/InterAuto_Candyabc/utils/LogUtil.py DEBUG 数据库查询结果：{'id': 146962, 'uuid': 'b41e03cb6552451d94aec7a14c89df9b', 'password': '', 'status': 0, 'mobile': '19900002000', 'level': 2, 'estimated_level': 2, 'created_at': 1563848225, 'active': 1, 'channel': 3, 'referee_mobile': None, 'level_locked': 0, 'vip_expired_at': 1718380799, 'vip': 1, 'auto_renew_vip': 0, 'refresh_token': 'eyJ0eXAiOiJKV1QiLCJhbGciOiJIUzUxMiJ9.eyJ1aWQiOiIxNDY5NjIiLCJuYmYiOjE1ODE0ODQ1MTgsImlzcyI6Inp4aGQiLCJ3eHVpZCI6IjAiLCJleHAiOjE1ODQwNzY1MTgsImlhdCI6MTU4MTQ4NDUxOCwianRpIjoiYWNjMWQ4MDBmYjQ5NGQ0Mjk1NWMyYThhZDg2ZDJlZTEifQ.FVsXfY12NAvfQYeJZawtXkoNq8B_llseIjvKAV8q_hS1Q6NvN3Yo6IQAHADJH4vMbJyMjuiGN9y4aoUICT8TVg', 'class_limit_day': 1, 'class_limit_week': 3, 'class_limit_fallback': 0, 'exp': 0, 'exp_expired_at': None, 'exp_started_at': None, 'lock_level': 0, 'll_expired_at': None, 'll_started_at': None, 'll_from': 0, 'll_to': 9}
2020-02-12 13:15:19,089 /Users/weinancao/PycharmProjects/InterAuto_Candyabc/utils/LogUtil.py INFO 报告地址
2020-02-12 13:21:15,445 Requests DEBUG 发送post请求
2020-02-12 13:21:15,720 Requests DEBUG 发送post请求
2020-02-12 13:21:15,919 Requests DEBUG 发送post请求
2020-02-12 13:21:15,977 AssertUtil ERROR code error, code is 401, expected_code is 400
2020-02-12 13:21:36,474 Requests DEBUG 发送post请求
2020-02-12 13:22:54,027 Requests DEBUG 发送post请求
2020-02-12 13:22:54,268 Requests DEBUG 发送post请求
2020-02-12 13:23:35,868 Requests DEBUG 发送post请求
2020-02-12 13:23:36,101 /Users/weinancao/PycharmProjects/InterAuto_Candyabc/utils/LogUtil.py INFO 报告地址
2020-02-12 13:23:50,940 Requests DEBUG 发送post请求
2020-02-12 13:23:51,173 Requests DEBUG 发送post请求
2020-02-12 13:23:51,484 /Users/weinancao/PycharmProjects/InterAuto_Candyabc/utils/LogUtil.py INFO 报告地址
2020-02-12 13:24:59,328 Requests DEBUG 发送post请求
2020-02-12 13:24:59,560 Requests DEBUG 发送post请求
2020-02-12 13:24:59,842 /Users/weinancao/PycharmProjects/InterAuto_Candyabc/utils/LogUtil.py INFO 报告地址
2020-02-12 13:28:39,155 Requests DEBUG 发送post请求
2020-02-12 13:28:39,409 Requests DEBUG 发送post请求
2020-02-12 13:28:39,707 /Users/weinancao/PycharmProjects/InterAuto_Candyabc/utils/LogUtil.py INFO 报告地址
2020-02-12 13:29:28,528 Requests DEBUG 发送post请求
2020-02-12 13:29:29,003 Requests DEBUG 发送post请求
2020-02-12 13:29:29,572 /Users/weinancao/PycharmProjects/InterAuto_Candyabc/utils/LogUtil.py INFO 报告地址
2020-02-12 13:31:11,798 Requests DEBUG 发送post请求
2020-02-12 13:31:12,029 Requests DEBUG 发送post请求
2020-02-12 13:31:12,313 /Users/weinancao/PycharmProjects/InterAuto_Candyabc/utils/LogUtil.py INFO 报告地址
2020-02-12 13:31:20,106 Requests DEBUG 发送post请求
2020-02-12 13:31:20,322 Requests DEBUG 发送post请求
2020-02-12 13:31:20,604 /Users/weinancao/PycharmProjects/InterAuto_Candyabc/utils/LogUtil.py INFO 报告地址
2020-02-12 13:32:22,400 Requests DEBUG 发送post请求
2020-02-12 13:32:22,632 Requests DEBUG 发送post请求
2020-02-12 13:32:22,917 /Users/weinancao/PycharmProjects/InterAuto_Candyabc/utils/LogUtil.py INFO 报告地址
2020-02-12 13:34:24,068 Requests DEBUG 发送post请求
2020-02-12 13:34:24,355 Requests DEBUG 发送post请求
2020-02-12 13:34:24,662 /Users/weinancao/PycharmProjects/InterAuto_Candyabc/utils/LogUtil.py INFO 报告地址
2020-02-12 13:34:38,919 Requests DEBUG 发送post请求
2020-02-12 13:34:39,144 Requests DEBUG 发送post请求
2020-02-12 13:34:39,440 /Users/weinancao/PycharmProjects/InterAuto_Candyabc/utils/LogUtil.py INFO 报告地址
2020-02-12 13:38:40,915 Requests DEBUG 发送post请求
2020-02-12 13:38:41,132 Requests DEBUG 发送post请求
2020-02-12 13:38:41,431 /Users/weinancao/PycharmProjects/InterAuto_Candyabc/utils/LogUtil.py INFO 报告地址
2020-02-12 13:39:54,909 Requests DEBUG 发送post请求
2020-02-12 13:39:55,136 Requests DEBUG 发送post请求
2020-02-12 13:39:55,429 /Users/weinancao/PycharmProjects/InterAuto_Candyabc/utils/LogUtil.py INFO 报告地址
2020-02-12 13:40:46,201 Requests DEBUG 发送post请求
2020-02-12 13:40:46,512 Requests DEBUG 发送post请求
2020-02-12 13:40:46,720 Requests DEBUG 发送post请求
2020-02-12 13:40:46,907 /Users/weinancao/PycharmProjects/InterAuto_Candyabc/utils/LogUtil.py INFO 报告地址
2020-02-12 13:48:25,402 Requests DEBUG 发送post请求
2020-02-12 13:48:29,665 Requests DEBUG 发送post请求
2020-02-12 13:48:29,850 Requests DEBUG 发送post请求
2020-02-12 13:48:30,041 Requests DEBUG 发送post请求
2020-02-12 13:48:30,227 Requests DEBUG 发送get请求
2020-02-12 13:48:30,369 /Users/weinancao/PycharmProjects/InterAuto_Candyabc/utils/LogUtil.py INFO 报告地址
2020-02-12 13:54:41,546 Requests DEBUG 发送post请求
2020-02-12 13:54:41,783 Requests DEBUG 发送post请求
2020-02-12 13:54:41,969 Requests DEBUG 发送post请求
2020-02-12 13:54:42,168 Requests DEBUG 发送post请求
2020-02-12 13:54:42,358 Requests DEBUG 发送get请求
2020-02-12 13:54:42,499 Requests DEBUG 发送post请求
2020-02-12 13:54:42,684 Requests DEBUG 发送post请求
2020-02-12 13:54:42,831 /Users/weinancao/PycharmProjects/InterAuto_Candyabc/utils/LogUtil.py INFO 报告地址
2020-02-12 13:57:02,587 Requests DEBUG 发送post请求
2020-02-12 13:57:03,026 Requests DEBUG 发送post请求
2020-02-12 13:57:03,420 Requests DEBUG 发送post请求
2020-02-12 13:57:03,610 Requests DEBUG 发送post请求
2020-02-12 13:57:03,793 Requests DEBUG 发送get请求
2020-02-12 13:57:03,939 Requests DEBUG 发送post请求
2020-02-12 13:57:04,127 Requests DEBUG 发送post请求
2020-02-12 13:57:04,356 /Users/weinancao/PycharmProjects/InterAuto_Candyabc/utils/LogUtil.py INFO 报告地址
2020-02-12 14:04:15,882 Requests DEBUG 发送post请求
2020-02-12 14:04:16,151 Requests DEBUG 发送post请求
2020-02-12 14:04:16,349 Requests DEBUG 发送post请求
2020-02-12 14:04:16,537 Requests DEBUG 发送post请求
2020-02-12 14:04:16,722 Requests DEBUG 发送get请求
2020-02-12 14:04:16,851 Requests DEBUG 发送post请求
2020-02-12 14:04:17,039 Requests DEBUG 发送post请求
2020-02-12 14:04:17,240 Requests DEBUG 发送post请求
2020-02-12 14:04:17,428 Requests DEBUG 发送post请求
2020-02-12 14:04:17,561 /Users/weinancao/PycharmProjects/InterAuto_Candyabc/utils/LogUtil.py INFO 报告地址
2020-02-12 14:10:28,578 Requests DEBUG 发送post请求
2020-02-12 14:10:28,802 Requests DEBUG 发送post请求
2020-02-12 14:10:28,993 Requests DEBUG 发送post请求
2020-02-12 14:10:29,179 Requests DEBUG 发送post请求
2020-02-12 14:10:29,373 Requests DEBUG 发送get请求
2020-02-12 14:10:29,491 Requests DEBUG 发送post请求
2020-02-12 14:10:29,677 Requests DEBUG 发送post请求
2020-02-12 14:10:29,891 Requests DEBUG 发送post请求
2020-02-12 14:10:30,086 Requests DEBUG 发送post请求
2020-02-12 14:10:30,700 Requests DEBUG 发送post请求
2020-02-12 14:10:30,883 Requests DEBUG 发送post请求
2020-02-12 14:10:30,966 /Users/weinancao/PycharmProjects/InterAuto_Candyabc/utils/LogUtil.py INFO 报告地址
2020-02-12 14:24:12,289 Requests DEBUG 发送post请求
2020-02-12 14:24:12,529 Requests DEBUG 发送post请求
2020-02-12 14:24:12,719 Requests DEBUG 发送post请求
2020-02-12 14:24:12,914 Requests DEBUG 发送post请求
2020-02-12 14:24:13,112 Requests DEBUG 发送get请求
2020-02-12 14:24:13,278 Requests DEBUG 发送post请求
2020-02-12 14:24:13,480 Requests DEBUG 发送post请求
2020-02-12 14:24:13,708 Requests DEBUG 发送post请求
2020-02-12 14:24:13,899 Requests DEBUG 发送post请求
2020-02-12 14:24:14,088 Requests DEBUG 发送post请求
2020-02-12 14:24:14,282 Requests DEBUG 发送post请求
2020-02-12 14:24:14,375 /Users/weinancao/PycharmProjects/InterAuto_Candyabc/utils/LogUtil.py INFO 报告地址
2020-02-12 14:25:01,748 Requests DEBUG 发送post请求
2020-02-12 14:25:01,971 Requests DEBUG 发送post请求
2020-02-12 14:25:02,172 Requests DEBUG 发送post请求
2020-02-12 14:25:02,392 Requests DEBUG 发送post请求
2020-02-12 14:25:02,589 Requests DEBUG 发送get请求
2020-02-12 14:25:02,710 Requests DEBUG 发送post请求
2020-02-12 14:25:02,905 Requests DEBUG 发送post请求
2020-02-12 14:25:03,148 Requests DEBUG 发送post请求
2020-02-12 14:25:03,365 Requests DEBUG 发送post请求
2020-02-12 14:25:03,557 Requests DEBUG 发送post请求
2020-02-12 14:25:03,750 Requests DEBUG 发送post请求
2020-02-12 14:25:03,836 /Users/weinancao/PycharmProjects/InterAuto_Candyabc/utils/LogUtil.py INFO 报告地址
2020-02-12 14:29:12,612 Requests DEBUG 发送post请求
2020-02-12 14:29:12,843 Requests DEBUG 发送post请求
2020-02-12 14:29:13,036 Requests DEBUG 发送post请求
2020-02-12 14:29:13,224 Requests DEBUG 发送post请求
2020-02-12 14:29:13,418 Requests DEBUG 发送get请求
2020-02-12 14:29:13,559 Requests DEBUG 发送post请求
2020-02-12 14:29:13,760 Requests DEBUG 发送post请求
2020-02-12 14:29:13,972 Requests DEBUG 发送post请求
2020-02-12 14:29:14,164 Requests DEBUG 发送post请求
2020-02-12 14:29:14,351 Requests DEBUG 发送post请求
2020-02-12 14:29:14,543 Requests DEBUG 发送post请求
2020-02-12 14:29:14,624 /Users/weinancao/PycharmProjects/InterAuto_Candyabc/utils/LogUtil.py INFO 报告地址
